2025-09-29 17:32:51 [background-preinit] INFO  o.h.validator.internal.util.Version - HV000001: Hibernate Validator 8.0.2.Final
2025-09-29 17:32:51 [main] INFO  c.c.CartoonKitchenApplication - Starting CartoonKitchenApplication using Java 17.0.12 with PID 2616 (C:\Users\User\IdeaProjects\CartoonKitchen\target\classes started by User in C:\Users\User\IdeaProjects\CartoonKitchen)
2025-09-29 17:32:51 [main] INFO  c.c.CartoonKitchenApplication - No active profile set, falling back to 1 default profile: "default"
2025-09-29 17:32:52 [main] INFO  o.s.d.r.c.RepositoryConfigurationDelegate - Bootstrapping Spring Data JPA repositories in DEFAULT mode.
2025-09-29 17:32:52 [main] INFO  o.s.d.r.c.RepositoryConfigurationDelegate - Finished Spring Data repository scanning in 69 ms. Found 5 JPA repository interfaces.
2025-09-29 17:32:53 [main] INFO  o.s.b.w.e.tomcat.TomcatWebServer - Tomcat initialized with port 8081 (http)
2025-09-29 17:32:53 [main] INFO  o.a.coyote.http11.Http11NioProtocol - Initializing ProtocolHandler ["http-nio-8081"]
2025-09-29 17:32:53 [main] INFO  o.a.catalina.core.StandardService - Starting service [Tomcat]
2025-09-29 17:32:53 [main] INFO  o.a.catalina.core.StandardEngine - Starting Servlet engine: [Apache Tomcat/10.1.42]
2025-09-29 17:32:53 [main] INFO  o.a.c.c.C.[Tomcat].[localhost].[/] - Initializing Spring embedded WebApplicationContext
2025-09-29 17:32:53 [main] INFO  o.s.b.w.s.c.ServletWebServerApplicationContext - Root WebApplicationContext: initialization completed in 1471 ms
2025-09-29 17:32:53 [main] INFO  o.h.jpa.internal.util.LogHelper - HHH000204: Processing PersistenceUnitInfo [name: default]
2025-09-29 17:32:53 [main] INFO  org.hibernate.Version - HHH000412: Hibernate ORM core version 6.6.18.Final
2025-09-29 17:32:53 [main] INFO  o.h.c.i.RegionFactoryInitiator - HHH000026: Second-level cache disabled
2025-09-29 17:32:54 [main] INFO  o.s.o.j.p.SpringPersistenceUnitInfo - No LoadTimeWeaver setup: ignoring JPA class transformer
2025-09-29 17:32:54 [main] INFO  com.zaxxer.hikari.HikariDataSource - HikariPool-1 - Starting...
2025-09-29 17:32:54 [main] INFO  com.zaxxer.hikari.pool.HikariPool - HikariPool-1 - Added connection org.postgresql.jdbc.PgConnection@1029cf9
2025-09-29 17:32:54 [main] INFO  com.zaxxer.hikari.HikariDataSource - HikariPool-1 - Start completed.
2025-09-29 17:32:54 [main] WARN  org.hibernate.orm.deprecation - HHH90000025: PostgreSQLDialect does not need to be specified explicitly using 'hibernate.dialect' (remove the property setting and it will be selected by default)
2025-09-29 17:32:54 [main] INFO  o.hibernate.orm.connections.pooling - HHH10001005: Database info:
	Database JDBC URL [Connecting through datasource 'HikariDataSource (HikariPool-1)']
	Database driver: undefined/unknown
	Database version: 16.6
	Autocommit mode: undefined/unknown
	Isolation level: undefined/unknown
	Minimum pool size: undefined/unknown
	Maximum pool size: undefined/unknown
2025-09-29 17:32:55 [main] INFO  o.h.e.t.j.p.i.JtaPlatformInitiator - HHH000489: No JTA platform available (set 'hibernate.transaction.jta.platform' to enable JTA platform integration)
2025-09-29 17:32:55 [main] INFO  o.s.o.j.LocalContainerEntityManagerFactoryBean - Initialized JPA EntityManagerFactory for persistence unit 'default'
2025-09-29 17:32:56 [main] INFO  o.s.d.j.r.query.QueryEnhancerFactory - Hibernate is in classpath; If applicable, HQL parser will be used.
2025-09-29 17:32:56 [main] WARN  o.s.b.a.o.j.JpaBaseConfiguration$JpaWebConfiguration - spring.jpa.open-in-view is enabled by default. Therefore, database queries may be performed during view rendering. Explicitly configure spring.jpa.open-in-view to disable this warning
2025-09-29 17:32:56 [main] INFO  o.s.s.c.a.a.c.InitializeUserDetailsBeanManagerConfigurer$InitializeUserDetailsManagerConfigurer - Global AuthenticationManager configured with UserDetailsService bean with name userDetailsServiceImpl
2025-09-29 17:32:57 [main] DEBUG o.s.s.web.DefaultSecurityFilterChain - Will secure any request with filters: DisableEncodeUrlFilter, WebAsyncManagerIntegrationFilter, SecurityContextHolderFilter, HeaderWriterFilter, CsrfFilter, LogoutFilter, UsernamePasswordAuthenticationFilter, RequestCacheAwareFilter, SecurityContextHolderAwareRequestFilter, AnonymousAuthenticationFilter, ExceptionTranslationFilter, AuthorizationFilter
2025-09-29 17:32:57 [main] INFO  o.a.coyote.http11.Http11NioProtocol - Starting ProtocolHandler ["http-nio-8081"]
2025-09-29 17:32:57 [main] INFO  o.s.b.w.e.tomcat.TomcatWebServer - Tomcat started on port 8081 (http) with context path '/'
2025-09-29 17:32:57 [main] INFO  c.c.CartoonKitchenApplication - Started CartoonKitchenApplication in 6.183 seconds (process running for 6.826)
2025-09-29 17:34:35 [http-nio-8081-exec-1] INFO  o.a.c.c.C.[Tomcat].[localhost].[/] - Initializing Spring DispatcherServlet 'dispatcherServlet'
2025-09-29 17:34:35 [http-nio-8081-exec-1] INFO  o.s.web.servlet.DispatcherServlet - Initializing Servlet 'dispatcherServlet'
2025-09-29 17:34:35 [http-nio-8081-exec-1] INFO  o.s.web.servlet.DispatcherServlet - Completed initialization in 1 ms
2025-09-29 17:34:35 [http-nio-8081-exec-1] DEBUG o.s.security.web.FilterChainProxy - Securing GET /
2025-09-29 17:34:35 [http-nio-8081-exec-1] DEBUG o.s.security.web.FilterChainProxy - Secured GET /
2025-09-29 17:34:35 [http-nio-8081-exec-1] DEBUG o.s.s.w.a.AnonymousAuthenticationFilter - Set SecurityContextHolder to anonymous SecurityContext
2025-09-29 17:34:36 [http-nio-8081-exec-7] DEBUG o.s.security.web.FilterChainProxy - Securing GET /favicon.ico
2025-09-29 17:34:36 [http-nio-8081-exec-7] DEBUG o.s.s.w.a.AnonymousAuthenticationFilter - Set SecurityContextHolder to anonymous SecurityContext
2025-09-29 17:34:36 [http-nio-8081-exec-7] DEBUG o.s.s.web.DefaultRedirectStrategy - Redirecting to http://localhost:8081/login
2025-09-29 17:34:36 [http-nio-8081-exec-3] DEBUG o.s.security.web.FilterChainProxy - Securing GET /login
2025-09-29 17:34:36 [http-nio-8081-exec-3] DEBUG o.s.security.web.FilterChainProxy - Secured GET /login
2025-09-29 17:34:36 [http-nio-8081-exec-3] DEBUG o.s.s.w.a.AnonymousAuthenticationFilter - Set SecurityContextHolder to anonymous SecurityContext
2025-09-29 17:34:37 [http-nio-8081-exec-4] DEBUG o.s.security.web.FilterChainProxy - Securing GET /favicon.ico
2025-09-29 17:34:37 [http-nio-8081-exec-4] DEBUG o.s.s.w.a.AnonymousAuthenticationFilter - Set SecurityContextHolder to anonymous SecurityContext
2025-09-29 17:34:37 [http-nio-8081-exec-4] DEBUG o.s.s.web.DefaultRedirectStrategy - Redirecting to http://localhost:8081/login
2025-09-29 17:34:37 [http-nio-8081-exec-5] DEBUG o.s.security.web.FilterChainProxy - Securing GET /login
2025-09-29 17:34:37 [http-nio-8081-exec-5] DEBUG o.s.security.web.FilterChainProxy - Secured GET /login
2025-09-29 17:34:37 [http-nio-8081-exec-5] DEBUG o.s.s.w.a.AnonymousAuthenticationFilter - Set SecurityContextHolder to anonymous SecurityContext
2025-09-29 17:34:45 [http-nio-8081-exec-6] DEBUG o.s.security.web.FilterChainProxy - Securing GET /dishes/252
2025-09-29 17:34:45 [http-nio-8081-exec-6] DEBUG o.s.security.web.FilterChainProxy - Secured GET /dishes/252
2025-09-29 17:34:45 [http-nio-8081-exec-6] DEBUG o.s.s.w.a.AnonymousAuthenticationFilter - Set SecurityContextHolder to anonymous SecurityContext
2025-09-29 17:34:50 [http-nio-8081-exec-8] DEBUG o.s.security.web.FilterChainProxy - Securing GET /
2025-09-29 17:34:50 [http-nio-8081-exec-8] DEBUG o.s.security.web.FilterChainProxy - Secured GET /
2025-09-29 17:34:50 [http-nio-8081-exec-8] DEBUG o.s.s.w.a.AnonymousAuthenticationFilter - Set SecurityContextHolder to anonymous SecurityContext
2025-09-29 20:00:44 [HikariPool-1:housekeeper] WARN  com.zaxxer.hikari.pool.HikariPool - HikariPool-1 - Thread starvation or clock leap detected (housekeeper delta=1h23m51s62ms480µs400ns).
